<?xml version="1.0" encoding="UTF-8"?>
<!-- Generated by org.testng.reporters.JUnitXMLReporter -->
<testsuite ignored="0" hostname="DESKTOP-P4HI28R" failures="0" tests="1" name="Test-Runner-FireFox" time="23.547" errors="0" timestamp="2024-03-11T08:38:10 IST">
  <testcase classname="contactTest.CreateNewContactWithLeadSourceTest" name="createNewContactWithLeadSource" time="9.998"/>
</testsuite> <!-- Test-Runner-FireFox -->
