<?xml version="1.0" encoding="UTF-8"?>
<!-- Generated by org.testng.reporters.JUnitXMLReporter -->
<testsuite ignored="0" hostname="DESKTOP-P4HI28R" failures="0" tests="1" name="Test-Runner1" time="44.733" errors="0" timestamp="2024-03-08T08:18:09 IST">
  <testcase classname="contactTest.CreateNewContactTest" name="createNewContactWithMandatoryFields" time="26.363"/>
</testsuite> <!-- Test-Runner1 -->
