<?xml version="1.0" encoding="UTF-8"?>
<!-- Generated by org.testng.reporters.JUnitXMLReporter -->
<testsuite ignored="0" hostname="DESKTOP-P4HI28R" failures="0" tests="1" name="Test-Runner-InternetExplorer" time="45.513" errors="0" timestamp="2024-03-11T08:21:41 IST">
  <testcase classname="contactTest.CreateNewContactWithLeadSourceTest" name="createNewContactWithLeadSource" time="20.63"/>
</testsuite> <!-- Test-Runner-InternetExplorer -->
