<?xml version="1.0" encoding="UTF-8"?>
<!-- Generated by org.testng.reporters.JUnitXMLReporter -->
<testsuite ignored="0" hostname="DESKTOP-P4HI28R" failures="0" tests="1" name="Test-Runner2" time="50.338" errors="0" timestamp="2024-03-08T08:18:14 IST">
  <testcase classname="contactTest.CreateNewContactWithLeadSourceTest" name="createNewContactWithLeadSource" time="26.531"/>
</testsuite> <!-- Test-Runner2 -->
