<?xml version="1.0" encoding="UTF-8"?>
<!-- Generated by org.testng.reporters.JUnitXMLReporter -->
<testsuite ignored="0" hostname="DESKTOP-P4HI28R" failures="0" tests="1" name="Test-Runner-Edge" time="66.146" errors="0" timestamp="2024-03-11T08:14:14 IST">
  <testcase classname="contactTest.CreateNewContactWithLeadSourceTest" name="createNewContactWithLeadSource" time="14.984"/>
</testsuite> <!-- Test-Runner-Edge -->
