<?xml version="1.0" encoding="UTF-8"?>
<!-- Generated by org.testng.reporters.JUnitReportReporter -->
<testsuite hostname="DESKTOP-P4HI28R" failures="0" tests="1" name="assignment.CheckBoxSelectALL" time="21.078" errors="0" timestamp="2024-03-05T16:28:21 IST" skipped="0">
  <testcase classname="assignment.CheckBoxSelectALL" name="selectAll" time="21.078"/>
</testsuite> <!-- assignment.CheckBoxSelectALL -->
