<?xml version="1.0" encoding="UTF-8"?>
<!-- Generated by org.testng.reporters.JUnitReportReporter -->
<testsuite hostname="DESKTOP-P4HI28R" failures="0" tests="1" name="assignment.ClickLastBox" time="13.383" errors="0" timestamp="2024-03-05T16:40:53 IST" skipped="0">
  <testcase classname="assignment.ClickLastBox" name="lastBox" time="13.383"/>
</testsuite> <!-- assignment.ClickLastBox -->
