<?xml version="1.0" encoding="UTF-8"?>
<!-- Generated by org.testng.reporters.JUnitReportReporter -->
<testsuite hostname="DESKTOP-P4HI28R" failures="0" tests="1" name="contactTest.CreateNewContactTest" time="22.427" errors="0" timestamp="2024-03-13T08:04:06 IST" skipped="0">
  <testcase classname="contactTest.CreateNewContactTest" name="createNewContactWithMandatoryFields" time="22.427"/>
</testsuite> <!-- contactTest.CreateNewContactTest -->
