<?xml version="1.0" encoding="UTF-8"?>
<!-- Generated by org.testng.reporters.JUnitReportReporter -->
<testsuite hostname="DESKTOP-P4HI28R" failures="0" tests="1" name="vendorTest.CreateNewVendorTest" time="39.219" errors="0" timestamp="2024-03-08T08:30:58 IST" skipped="0">
  <testcase classname="vendorTest.CreateNewVendorTest" name="createNewVendor" time="39.219"/>
</testsuite> <!-- vendorTest.CreateNewVendorTest -->
