<?xml version="1.0" encoding="UTF-8"?>
<!-- Generated by org.testng.reporters.JUnitReportReporter -->
<testsuite hostname="DESKTOP-P4HI28R" failures="0" tests="1" name="leadTest.CreateNewLeadTest" time="38.291" errors="0" timestamp="2024-03-08T08:30:58 IST" skipped="0">
  <testcase classname="leadTest.CreateNewLeadTest" name="createNewLead" time="38.291"/>
</testsuite> <!-- leadTest.CreateNewLeadTest -->
