<?xml version="1.0" encoding="UTF-8"?>
<!-- Generated by org.testng.reporters.JUnitReportReporter -->
<testsuite hostname="DESKTOP-P4HI28R" failures="0" tests="2" name="contactTest.CreateNewContactWithLeadSourceTest" time="50.884" errors="0" timestamp="22 Mar 2024 07:03:19 GMT" skipped="0">
  <testcase classname="contactTest.CreateNewContactWithLeadSourceTest" name="createNewContactWithLeadSource" time="41.182"/>
  <testcase classname="contactTest.CreateNewContactWithLeadSourceTest" name="Sample" time="9.702"/>
</testsuite> <!-- contactTest.CreateNewContactWithLeadSourceTest -->
