<?xml version="1.0" encoding="UTF-8"?>
<!-- Generated by org.testng.reporters.JUnitReportReporter -->
<testsuite hostname="DESKTOP-P4HI28R" failures="0" tests="1" name="campaignTest.CreateNewCampaignTest" time="30.588" errors="0" timestamp="04 Apr 2024 06:52:32 GMT" skipped="0">
  <testcase classname="campaignTest.CreateNewCampaignTest" name="createNewCampaign" time="30.588"/>
</testsuite> <!-- campaignTest.CreateNewCampaignTest -->
