<?xml version="1.0" encoding="UTF-8"?>
<!-- Generated by org.testng.reporters.JUnitReportReporter -->
<testsuite hostname="DESKTOP-P4HI28R" failures="0" tests="1" name="assignment.Check5thCheckBox" time="27.080" errors="0" timestamp="18 Mar 2024 14:17:47 GMT" skipped="0">
  <testcase classname="assignment.Check5thCheckBox" name="checkbox5th" time="27.080"/>
</testsuite> <!-- assignment.Check5thCheckBox -->
